<?xml version="1.0" encoding="UTF-8"?>
<!-- Generated by org.testng.reporters.JUnitReportReporter -->
<testsuite hostname="COL011018050" name="gitDemo.GitDemo" tests="1" failures="0" timestamp="27 Jan 2020 21:41:46 GMT" time="0.011" errors="0">
  <testcase name="SampleTest" time="0.011" classname="gitDemo.GitDemo"/>
</testsuite> <!-- gitDemo.GitDemo -->
