<?xml version="1.0" encoding="UTF-8"?>
<!-- Generated by org.testng.reporters.JUnitReportReporter -->
<testsuite hostname="COL011018050" name="GitDemo2.TestClass" tests="1" failures="0" timestamp="27 Jan 2020 22:01:08 GMT" time="0.016" errors="0">
  <testcase name="SampleTest" time="0.016" classname="GitDemo2.TestClass"/>
</testsuite> <!-- GitDemo2.TestClass -->
